Determining if the function fseeko exists failed with the following output:
Change Dir: D:/work/acccn/opencv.builds/CMakeFiles/CMakeTmp

Run Build Command(s):C:/Program Files (x86)/MSBuild/14.0/bin/MSBuild.exe cmTC_cd350.vcxproj /p:Configuration=Debug /p:Platform=Win32 /p:VisualStudioVersion=14.0 /v:m && Microsoft (R) Build Engine version 14.0.25420.1
Copyright (C) Microsoft Corporation. All rights reserved.

  Microsoft (R) C/C++ Optimizing Compiler Version 19.00.24215.1 for x86
  Copyright (C) Microsoft Corporation.  All rights reserved.
  
  cl /c /Zi /W3 /WX- /MP /Od /Ob0 /Oi /Oy- /D _MBCS /D WIN32 /D _WINDOWS /D _CRT_SECURE_NO_DEPRECATE /D _CRT_NONSTDC_NO_DEPRECATE /D _SCL_SECURE_NO_WARNINGS /D CHECK_FUNCTION_EXISTS=fseeko /D "CMAKE_INTDIR=\"Debug\"" /Gm- /RTC1 /MDd /GS /Gy /arch:SSE2 /fp:precise /Zc:wchar_t /Zc:forScope /Zc:inline /Fo"cmTC_cd350.dir\Debug\\" /Fd"cmTC_cd350.dir\Debug\vc140.pdb" /Gd /TC /analyze- /errorReport:queue  /bigobj "C:\Program Files\CMake\share\cmake-3.21\Modules\CheckFunctionExists.c"
  
  CheckFunctionExists.c
CheckFunctionExists.obj : error LNK2019: unresolved external symbol _fseeko referenced in function _main [D:\work\acccn\opencv.builds\CMakeFiles\CMakeTmp\cmTC_cd350.vcxproj]
D:\work\acccn\opencv.builds\CMakeFiles\CMakeTmp\Debug\cmTC_cd350.exe : fatal error LNK1120: 1 unresolved externals [D:\work\acccn\opencv.builds\CMakeFiles\CMakeTmp\cmTC_cd350.vcxproj]



Determining size of off64_t failed with the following output:
Change Dir: D:/work/acccn/opencv.builds/CMakeFiles/CMakeTmp

Run Build Command(s):C:/Program Files (x86)/MSBuild/14.0/bin/MSBuild.exe cmTC_ff71d.vcxproj /p:Configuration=Debug /p:Platform=Win32 /p:VisualStudioVersion=14.0 /v:m && Microsoft (R) Build Engine version 14.0.25420.1
Copyright (C) Microsoft Corporation. All rights reserved.

  Microsoft (R) C/C++ Optimizing Compiler Version 19.00.24215.1 for x86
  Copyright (C) Microsoft Corporation.  All rights reserved.
  
  cl /c /Zi /W3 /WX- /MP /Od /Ob0 /Oi /Oy- /D _MBCS /D WIN32 /D _WINDOWS /D _CRT_SECURE_NO_DEPRECATE /D _CRT_NONSTDC_NO_DEPRECATE /D _SCL_SECURE_NO_WARNINGS /D "CMAKE_INTDIR=\"Debug\"" /Gm- /RTC1 /MDd /GS /Gy /arch:SSE2 /fp:precise /Zc:wchar_t /Zc:forScope /Zc:inline /Fo"cmTC_ff71d.dir\Debug\\" /Fd"cmTC_ff71d.dir\Debug\vc140.pdb" /Gd /TC /analyze- /errorReport:queue  /bigobj D:\work\acccn\opencv.builds\CMakeFiles\CheckTypeSize\OFF64_T.c
  
  OFF64_T.c
D:\work\acccn\opencv.builds\CMakeFiles\CheckTypeSize\OFF64_T.c(29): error C2065: 'off64_t': undeclared identifier [D:\work\acccn\opencv.builds\CMakeFiles\CMakeTmp\cmTC_ff71d.vcxproj]
D:\work\acccn\opencv.builds\CMakeFiles\CheckTypeSize\OFF64_T.c(30): error C2065: 'off64_t': undeclared identifier [D:\work\acccn\opencv.builds\CMakeFiles\CMakeTmp\cmTC_ff71d.vcxproj]
D:\work\acccn\opencv.builds\CMakeFiles\CheckTypeSize\OFF64_T.c(31): error C2065: 'off64_t': undeclared identifier [D:\work\acccn\opencv.builds\CMakeFiles\CMakeTmp\cmTC_ff71d.vcxproj]
D:\work\acccn\opencv.builds\CMakeFiles\CheckTypeSize\OFF64_T.c(32): error C2065: 'off64_t': undeclared identifier [D:\work\acccn\opencv.builds\CMakeFiles\CMakeTmp\cmTC_ff71d.vcxproj]
D:\work\acccn\opencv.builds\CMakeFiles\CheckTypeSize\OFF64_T.c(33): error C2065: 'off64_t': undeclared identifier [D:\work\acccn\opencv.builds\CMakeFiles\CMakeTmp\cmTC_ff71d.vcxproj]


D:/work/acccn/opencv.builds/CMakeFiles/CheckTypeSize/OFF64_T.c:
#include <sys/types.h>
#include <stdint.h>
#include <stddef.h>


#undef KEY
#if defined(__i386)
# define KEY '_','_','i','3','8','6'
#elif defined(__x86_64)
# define KEY '_','_','x','8','6','_','6','4'
#elif defined(__PPC64__)
# define KEY '_','_','P','P','C','6','4','_','_'
#elif defined(__ppc64__)
# define KEY '_','_','p','p','c','6','4','_','_'
#elif defined(__PPC__)
# define KEY '_','_','P','P','C','_','_'
#elif defined(__ppc__)
# define KEY '_','_','p','p','c','_','_'
#elif defined(__aarch64__)
# define KEY '_','_','a','a','r','c','h','6','4','_','_'
#elif defined(__ARM_ARCH_7A__)
# define KEY '_','_','A','R','M','_','A','R','C','H','_','7','A','_','_'
#elif defined(__ARM_ARCH_7S__)
# define KEY '_','_','A','R','M','_','A','R','C','H','_','7','S','_','_'
#endif

#define SIZE (sizeof(off64_t))
static char info_size[] =  {'I', 'N', 'F', 'O', ':', 's','i','z','e','[',
  ('0' + ((SIZE / 10000)%10)),
  ('0' + ((SIZE / 1000)%10)),
  ('0' + ((SIZE / 100)%10)),
  ('0' + ((SIZE / 10)%10)),
  ('0' +  (SIZE    % 10)),
  ']',
#ifdef KEY
  ' ','k','e','y','[', KEY, ']',
#endif
  '\0'};

#ifdef __CLASSIC_C__
int main(argc, argv) int argc; char *argv[];
#else
int main(int argc, char *argv[])
#endif
{
  int require = 0;
  require += info_size[argc];
  (void)argv;
  return require;
}


Performing C SOURCE FILE Test HAVE_BUILTIN_CTZL failed with the following output:
Change Dir: D:/work/acccn/opencv.builds/CMakeFiles/CMakeTmp

Run Build Command(s):C:/Program Files (x86)/MSBuild/14.0/bin/MSBuild.exe cmTC_6d73b.vcxproj /p:Configuration=Debug /p:Platform=Win32 /p:VisualStudioVersion=14.0 /v:m && Microsoft (R) Build Engine version 14.0.25420.1
Copyright (C) Microsoft Corporation. All rights reserved.

  Microsoft (R) C/C++ Optimizing Compiler Version 19.00.24215.1 for x86
  Copyright (C) Microsoft Corporation.  All rights reserved.
  
  cl /c /Zi /W3 /WX- /MP /Od /Ob0 /Oi /Oy- /D _MBCS /D WIN32 /D _WINDOWS /D _CRT_SECURE_NO_DEPRECATE /D _CRT_NONSTDC_NO_DEPRECATE /D _SCL_SECURE_NO_WARNINGS /D HAVE_BUILTIN_CTZL /D "CMAKE_INTDIR=\"Debug\"" /Gm- /RTC1 /MDd /GS /Gy /arch:SSE2 /fp:precise /Zc:wchar_t /Zc:forScope /Zc:inline /Fo"cmTC_6d73b.dir\Debug\\" /Fd"cmTC_6d73b.dir\Debug\vc140.pdb" /Gd /TC /analyze- /errorReport:queue  /bigobj D:\work\acccn\opencv.builds\CMakeFiles\CMakeTmp\src.c
  
  src.c
D:\work\acccn\opencv.builds\CMakeFiles\CMakeTmp\src.c(1): warning C4013: '__builtin_ctzl' undefined; assuming extern returning int [D:\work\acccn\opencv.builds\CMakeFiles\CMakeTmp\cmTC_6d73b.vcxproj]
src.obj : error LNK2019: unresolved external symbol ___builtin_ctzl referenced in function _main [D:\work\acccn\opencv.builds\CMakeFiles\CMakeTmp\cmTC_6d73b.vcxproj]
D:\work\acccn\opencv.builds\CMakeFiles\CMakeTmp\Debug\cmTC_6d73b.exe : fatal error LNK1120: 1 unresolved externals [D:\work\acccn\opencv.builds\CMakeFiles\CMakeTmp\cmTC_6d73b.vcxproj]


Source file was:
int main(int argc, char **argv) { unsigned long a = argc;  return __builtin_ctzl(a); }
Determining if the function strcasecmp exists failed with the following output:
Change Dir: D:/work/acccn/opencv.builds/CMakeFiles/CMakeTmp

Run Build Command(s):C:/Program Files (x86)/MSBuild/14.0/bin/MSBuild.exe cmTC_593bb.vcxproj /p:Configuration=Debug /p:Platform=Win32 /p:VisualStudioVersion=14.0 /v:m && Microsoft (R) Build Engine version 14.0.25420.1
Copyright (C) Microsoft Corporation. All rights reserved.

  Microsoft (R) C/C++ Optimizing Compiler Version 19.00.24215.1 for x86
  Copyright (C) Microsoft Corporation.  All rights reserved.
  
  cl /c /Zi /W3 /WX- /MP /Od /Ob0 /Oi /Oy- /D _MBCS /D WIN32 /D _WINDOWS /D _CRT_SECURE_NO_DEPRECATE /D _CRT_NONSTDC_NO_DEPRECATE /D _SCL_SECURE_NO_WARNINGS /D CHECK_FUNCTION_EXISTS=strcasecmp /D "CMAKE_INTDIR=\"Debug\"" /Gm- /RTC1 /MDd /GS /Gy /arch:SSE2 /fp:precise /Zc:wchar_t /Zc:forScope /Zc:inline /Fo"cmTC_593bb.dir\Debug\\" /Fd"cmTC_593bb.dir\Debug\vc140.pdb" /Gd /TC /analyze- /errorReport:queue  /bigobj "C:\Program Files\CMake\share\cmake-3.21\Modules\CheckFunctionExists.c"
  
  CheckFunctionExists.c
CheckFunctionExists.obj : error LNK2019: unresolved external symbol _strcasecmp referenced in function _main [D:\work\acccn\opencv.builds\CMakeFiles\CMakeTmp\cmTC_593bb.vcxproj]
D:\work\acccn\opencv.builds\CMakeFiles\CMakeTmp\Debug\cmTC_593bb.exe : fatal error LNK1120: 1 unresolved externals [D:\work\acccn\opencv.builds\CMakeFiles\CMakeTmp\cmTC_593bb.vcxproj]



Build output check failed:
    Regex: 'unknown .*option'
    Output line: 'cl : Command line warning D9002: ignoring unknown option '-std=c99' [D:\work\acccn\opencv.builds\CMakeFiles\CMakeTmp\cmTC_aba1a.vcxproj]'
Compilation failed:
    source file: 'D:/work/acccn/opencv.builds/CMakeFiles/CMakeTmp/src.c'
    check option: ' /DWIN32 /D_WINDOWS /W3  /D _CRT_SECURE_NO_DEPRECATE /D _CRT_NONSTDC_NO_DEPRECATE /D _SCL_SECURE_NO_WARNINGS /Gy /bigobj /Oi  /fp:precise  /arch:SSE /arch:SSE2 /MP -std=c99'
===== BUILD LOG =====
Change Dir: D:/work/acccn/opencv.builds/CMakeFiles/CMakeTmp

Run Build Command(s):C:/Program Files (x86)/MSBuild/14.0/bin/MSBuild.exe cmTC_aba1a.vcxproj /p:Configuration=Debug /p:Platform=Win32 /p:VisualStudioVersion=14.0 /v:m && Microsoft (R) Build Engine version 14.0.25420.1
Copyright (C) Microsoft Corporation. All rights reserved.

  Microsoft (R) C/C++ Optimizing Compiler Version 19.00.24215.1 for x86
  Copyright (C) Microsoft Corporation.  All rights reserved.
  
  cl /c /Zi /W3 /WX- /MP /Od /Ob0 /Oi /Oy- /D _MBCS /D WIN32 /D _WINDOWS /D _CRT_SECURE_NO_DEPRECATE /D _CRT_NONSTDC_NO_DEPRECATE /D _SCL_SECURE_NO_WARNINGS /D "CMAKE_INTDIR=\"Debug\"" /Gm- /RTC1 /MDd /GS /Gy /arch:SSE2 /fp:precise /Zc:wchar_t /Zc:forScope /Zc:inline /Fo"cmTC_aba1a.dir\Debug\\" /Fd"cmTC_aba1a.dir\Debug\vc140.pdb" /Gd /TC /analyze- /errorReport:queue  /bigobj /bigobj -std=c99 D:\work\acccn\opencv.builds\CMakeFiles\CMakeTmp\src.c
  
cl : Command line warning D9002: ignoring unknown option '-std=c99' [D:\work\acccn\opencv.builds\CMakeFiles\CMakeTmp\cmTC_aba1a.vcxproj]
  src.c
  cmTC_aba1a.vcxproj -> D:\work\acccn\opencv.builds\CMakeFiles\CMakeTmp\Debug\cmTC_aba1a.exe
  cmTC_aba1a.vcxproj -> D:/work/acccn/opencv.builds/CMakeFiles/CMakeTmp/Debug/cmTC_aba1a.pdb (Full PDB)


===== END =====

Determining if the function sgemm_ exists failed with the following output:
Change Dir: D:/work/acccn/opencv.builds/CMakeFiles/CMakeTmp

Run Build Command(s):C:/Program Files (x86)/MSBuild/14.0/bin/MSBuild.exe cmTC_308bd.vcxproj /p:Configuration=Debug /p:Platform=Win32 /p:VisualStudioVersion=14.0 /v:m && Microsoft (R) Build Engine version 14.0.25420.1
Copyright (C) Microsoft Corporation. All rights reserved.

  Microsoft (R) C/C++ Optimizing Compiler Version 19.00.24215.1 for x86
  Copyright (C) Microsoft Corporation.  All rights reserved.
  
  cl /c /Zi /W3 /WX- /MP /Od /Ob0 /Oi /Oy- /D _MBCS /D WIN32 /D _WINDOWS /D _CRT_SECURE_NO_DEPRECATE /D _CRT_NONSTDC_NO_DEPRECATE /D _SCL_SECURE_NO_WARNINGS /D CHECK_FUNCTION_EXISTS=sgemm_ /D "CMAKE_INTDIR=\"Debug\"" /Gm- /RTC1 /MDd /GS /Gy /arch:SSE2 /fp:precise /Zc:wchar_t /Zc:forScope /Zc:inline /Fo"cmTC_308bd.dir\Debug\\" /Fd"cmTC_308bd.dir\Debug\vc140.pdb" /Gd /TC /analyze- /errorReport:queue  /bigobj "C:\Program Files\CMake\share\cmake-3.21\Modules\CheckFunctionExists.c"
  
  CheckFunctionExists.c
CheckFunctionExists.obj : error LNK2019: unresolved external symbol _sgemm_ referenced in function _main [D:\work\acccn\opencv.builds\CMakeFiles\CMakeTmp\cmTC_308bd.vcxproj]
D:\work\acccn\opencv.builds\CMakeFiles\CMakeTmp\Debug\cmTC_308bd.exe : fatal error LNK1120: 1 unresolved externals [D:\work\acccn\opencv.builds\CMakeFiles\CMakeTmp\cmTC_308bd.vcxproj]



Determining if the include file pthread.h exists failed with the following output:
Change Dir: D:/work/acccn/opencv.builds/CMakeFiles/CMakeTmp

Run Build Command(s):C:/Program Files (x86)/MSBuild/14.0/bin/MSBuild.exe cmTC_bdcd0.vcxproj /p:Configuration=Debug /p:Platform=Win32 /p:VisualStudioVersion=14.0 /v:m && Microsoft (R) Build Engine version 14.0.25420.1
Copyright (C) Microsoft Corporation. All rights reserved.

  Microsoft (R) C/C++ Optimizing Compiler Version 19.00.24215.1 for x86
  Copyright (C) Microsoft Corporation.  All rights reserved.
  
  cl /c /Zi /W3 /WX- /MP /Od /Ob0 /Oi /Oy- /D _MBCS /D WIN32 /D _WINDOWS /D _CRT_SECURE_NO_DEPRECATE /D _CRT_NONSTDC_NO_DEPRECATE /D _SCL_SECURE_NO_WARNINGS /D "CMAKE_INTDIR=\"Debug\"" /Gm- /RTC1 /MDd /GS /Gy /arch:SSE2 /fp:precise /Zc:wchar_t /Zc:forScope /Zc:inline /Fo"cmTC_bdcd0.dir\Debug\\" /Fd"cmTC_bdcd0.dir\Debug\vc140.pdb" /Gd /TC /analyze- /errorReport:queue  /bigobj D:\work\acccn\opencv.builds\CMakeFiles\CMakeTmp\CheckIncludeFile.c
  
  CheckIncludeFile.c
D:\work\acccn\opencv.builds\CMakeFiles\CMakeTmp\CheckIncludeFile.c(1): fatal error C1083: Cannot open include file: 'pthread.h': No such file or directory [D:\work\acccn\opencv.builds\CMakeFiles\CMakeTmp\cmTC_bdcd0.vcxproj]



Determining if the function sgemm_ exists failed with the following output:
Change Dir: D:/work/acccn/opencv.builds/CMakeFiles/CMakeTmp

Run Build Command(s):C:/Program Files (x86)/MSBuild/14.0/bin/MSBuild.exe cmTC_dfc12.vcxproj /p:Configuration=Debug /p:Platform=Win32 /p:VisualStudioVersion=14.0 /v:m && Microsoft (R) Build Engine version 14.0.25420.1
Copyright (C) Microsoft Corporation. All rights reserved.

  Microsoft (R) C/C++ Optimizing Compiler Version 19.00.24215.1 for x86
  Copyright (C) Microsoft Corporation.  All rights reserved.
  
  cl /c /Zi /W3 /WX- /MP /Od /Ob0 /Oi /Oy- /D _MBCS /D WIN32 /D _WINDOWS /D _CRT_SECURE_NO_DEPRECATE /D _CRT_NONSTDC_NO_DEPRECATE /D _SCL_SECURE_NO_WARNINGS /D CHECK_FUNCTION_EXISTS=sgemm_ /D "CMAKE_INTDIR=\"Debug\"" /Gm- /RTC1 /MDd /GS /Gy /arch:SSE2 /fp:precise /Zc:wchar_t /Zc:forScope /Zc:inline /Fo"cmTC_dfc12.dir\Debug\\" /Fd"cmTC_dfc12.dir\Debug\vc140.pdb" /Gd /TC /analyze- /errorReport:queue  /bigobj "C:\Program Files\CMake\share\cmake-3.21\Modules\CheckFunctionExists.c"
  
  CheckFunctionExists.c
LINK : warning LNK4044: unrecognized option '/SSL2'; ignored [D:\work\acccn\opencv.builds\CMakeFiles\CMakeTmp\cmTC_dfc12.vcxproj]
CheckFunctionExists.obj : error LNK2019: unresolved external symbol _sgemm_ referenced in function _main [D:\work\acccn\opencv.builds\CMakeFiles\CMakeTmp\cmTC_dfc12.vcxproj]
D:\work\acccn\opencv.builds\CMakeFiles\CMakeTmp\Debug\cmTC_dfc12.exe : fatal error LNK1120: 1 unresolved externals [D:\work\acccn\opencv.builds\CMakeFiles\CMakeTmp\cmTC_dfc12.vcxproj]



Determining if the include file d3d11_4.h exists failed with the following output:
Change Dir: D:/work/acccn/opencv.builds/CMakeFiles/CMakeTmp

Run Build Command(s):C:/Program Files (x86)/MSBuild/14.0/bin/MSBuild.exe cmTC_ddfa0.vcxproj /p:Configuration=Debug /p:Platform=Win32 /p:VisualStudioVersion=14.0 /v:m && Microsoft (R) Build Engine version 14.0.25420.1
Copyright (C) Microsoft Corporation. All rights reserved.

  Microsoft (R) C/C++ Optimizing Compiler Version 19.00.24215.1 for x86
  Copyright (C) Microsoft Corporation.  All rights reserved.
  
  cl /c /Zi /W3 /WX- /MP /Od /Ob0 /Oi /Oy- /D _MBCS /D WIN32 /D _WINDOWS /D _CRT_SECURE_NO_DEPRECATE /D _CRT_NONSTDC_NO_DEPRECATE /D _SCL_SECURE_NO_WARNINGS /D "CMAKE_INTDIR=\"Debug\"" /Gm- /RTC1 /MDd /GS /Gy /arch:SSE2 /fp:precise /Zc:wchar_t /Zc:forScope /Zc:inline /Fo"cmTC_ddfa0.dir\Debug\\" /Fd"cmTC_ddfa0.dir\Debug\vc140.pdb" /Gd /TC /analyze- /errorReport:queue  /bigobj D:\work\acccn\opencv.builds\CMakeFiles\CMakeTmp\CheckIncludeFile.c
  
  CheckIncludeFile.c
D:\work\acccn\opencv.builds\CMakeFiles\CMakeTmp\CheckIncludeFile.c(1): fatal error C1083: Cannot open include file: 'd3d11_4.h': No such file or directory [D:\work\acccn\opencv.builds\CMakeFiles\CMakeTmp\cmTC_ddfa0.vcxproj]



